<?xml version="1.0" encoding="UTF-8"?>
<!-- Generated by org.testng.reporters.JUnitReportReporter -->
<testsuite hostname="MUNTASIR-PC" failures="0" tests="1" name="com.TestNG.AnnotationTest" time="0.007" errors="0" timestamp="2021-03-19T19:47:00 BDT" skipped="0">
  <testcase classname="com.TestNG.AnnotationTest" name="test" time="0.007"/>
  <system-out/>
</testsuite> <!-- com.TestNG.AnnotationTest -->
