<?xml version="1.0" encoding="UTF-8"?>
<!-- Generated by org.testng.reporters.JUnitReportReporter -->
<testsuite hostname="MUNTASIR-PC" failures="0" tests="2" name="com.TestNG.RegistrationTestNG" time="62.698" errors="0" timestamp="2021-03-19T20:34:05 BDT" skipped="0">
  <testcase classname="com.TestNG.RegistrationTestNG" name="valid_Registration" time="30.683"/>
  <system-out/>
  <testcase classname="com.TestNG.RegistrationTestNG" name="inValid_Registration" time="32.015"/>
  <system-out/>
</testsuite> <!-- com.TestNG.RegistrationTestNG -->
