<?xml version="1.0" encoding="UTF-8"?>
<!-- Generated by org.testng.reporters.JUnitReportReporter -->
<testsuite hostname="MUNTASIR-PC" failures="0" tests="4" name="com.TestNG.LoginDataDriven" time="39.646" errors="0" timestamp="2021-03-20T20:58:45 BDT" skipped="0">
  <testcase classname="com.TestNG.LoginDataDriven" name="LoginTest" time="10.063"/>
  <system-out/>
  <testcase classname="com.TestNG.LoginDataDriven" name="LoginTest" time="9.399"/>
  <system-out/>
  <testcase classname="com.TestNG.LoginDataDriven" name="LoginTest" time="10.830"/>
  <system-out/>
  <testcase classname="com.TestNG.LoginDataDriven" name="LoginTest" time="9.354"/>
  <system-out/>
</testsuite> <!-- com.TestNG.LoginDataDriven -->
