<?xml version="1.0" encoding="UTF-8"?>
<!-- Generated by org.testng.reporters.JUnitReportReporter -->
<testsuite hostname="MUNTASIR-PC" failures="0" tests="2" name="com.Screenshots.PageScreenshot" time="1.271" errors="0" timestamp="2021-03-20T19:28:27 BDT" skipped="0">
  <testcase classname="com.Screenshots.PageScreenshot" name="Screenshot2" time="0.328"/>
  <system-out/>
  <testcase classname="com.Screenshots.PageScreenshot" name="Screenshot" time="0.943"/>
  <system-out/>
</testsuite> <!-- com.Screenshots.PageScreenshot -->
