<?xml version="1.0" encoding="UTF-8"?>
<!-- Generated by org.testng.reporters.JUnitReportReporter -->
<testsuite hostname="MUNTASIR-PC" failures="0" tests="3" name="com.TestNG.TestNgDemo" time="0.018" errors="0" timestamp="2021-03-19T20:23:03 BDT" skipped="0">
  <testcase classname="com.TestNG.TestNgDemo" name="demo1" time="0.004"/>
  <system-out/>
  <testcase classname="com.TestNG.TestNgDemo" name="Demo2" time="0.012"/>
  <system-out/>
  <testcase classname="com.TestNG.TestNgDemo" name="demo3" time="0.002"/>
  <system-out/>
</testsuite> <!-- com.TestNG.TestNgDemo -->
