<?xml version="1.0" encoding="UTF-8"?>
<!-- Generated by org.testng.reporters.JUnitReportReporter -->
<testsuite hostname="MUNTASIR-PC" failures="0" tests="2" name="com.TestNG.DataDriven" time="47.206" errors="0" timestamp="2021-03-20T20:41:05 BDT" skipped="0">
  <testcase classname="com.TestNG.DataDriven" name="doSearch" time="45.078"/>
  <system-out/>
  <testcase classname="com.TestNG.DataDriven" name="doSearch" time="2.128"/>
  <system-out/>
</testsuite> <!-- com.TestNG.DataDriven -->
