<?xml version="1.0" encoding="UTF-8"?>
<!-- Generated by org.testng.reporters.JUnitReportReporter -->
<testsuite hostname="MUNTASIR-PC" failures="0" tests="1" name="com.PDF.CreatePDF" time="2.438" errors="0" timestamp="2021-03-20T19:51:23 BDT" skipped="0">
  <testcase classname="com.PDF.CreatePDF" name="CustomPDF" time="2.438"/>
  <system-out/>
</testsuite> <!-- com.PDF.CreatePDF -->
