<?xml version="1.0" encoding="UTF-8"?>
<!-- Generated by org.testng.reporters.JUnitReportReporter -->
<testsuite hostname="MUNTASIR-PC" failures="0" tests="1" name="com.Screenshots.PageScreenshot" time="0.687" errors="0" timestamp="2021-03-19T20:50:35 BDT" skipped="0">
  <testcase classname="com.Screenshots.PageScreenshot" name="generateScreenshot" time="0.687"/>
  <system-out/>
</testsuite> <!-- com.Screenshots.PageScreenshot -->
